INFO 2024-12-06 11:51:32,536 runserver HTTP POST /api/join_tournament/ 200 [0.01, 172.18.0.3:58630]
INFO 2024-12-06 11:51:32,580 runserver HTTP GET /api/tournament_lobby/25/ 200 [0.01, 172.18.0.3:58644]
INFO 2024-12-06 11:51:32,607 runserver HTTP GET /static/js/tournament-lobby.js 200 [0.00, 172.18.0.3:58650]
INFO 2024-12-06 11:51:32,617 runserver WebSocket HANDSHAKING /wss/tournament/25/ [172.18.0.3:58664]
INFO 2024-12-06 11:51:32,623 consumer Connecting to tournament room: tournament_25 with tournament_id: 25
INFO 2024-12-06 11:51:32,627 consumer User luca connected successfully.
INFO 2024-12-06 11:51:32,639 consumer No 'not_started' rounds found. Returning final round 2.
INFO 2024-12-06 11:51:32,640 runserver WebSocket CONNECT /wss/tournament/25/ [172.18.0.3:58664]
INFO 2024-12-06 11:51:32,640 consumer Connection accepted.
INFO 2024-12-06 11:51:32,640 consumer Tournament 2 is in 'waiting_for_round' state. Checking current round games.
INFO 2024-12-06 11:51:32,640 consumer Checking games for round 2.
INFO 2024-12-06 11:51:32,649 consumer Final round detected: round 2.
INFO 2024-12-06 11:51:32,649 consumer #####Final round
INFO 2024-12-06 11:51:32,649 consumer #####Final round  2
INFO 2024-12-06 11:51:32,649 consumer #####Final round game: Game object (55)
INFO 2024-12-06 11:51:32,649 consumer Final game finished. Tournament winner: luca.
INFO 2024-12-06 11:51:32,657 consumer Tournament 2 marked as finished with winner: luca.
INFO 2024-12-06 11:51:32,657 consumer Notified clients of tournament conclusion with winner: luca.
INFO 2024-12-06 11:51:32,658 consumer All games in round 2 are finished. Marking round as finished.
INFO 2024-12-06 11:51:32,661 consumer Round 2 marked as finished.
INFO 2024-12-06 11:51:32,671 consumer No 'not_started' rounds found. Returning final round 2.
INFO 2024-12-06 11:51:32,675 consumer Tournament status updated to 'preparing_next_round'.
INFO 2024-12-06 11:51:32,675 consumer Checked current round games successfully.
INFO 2024-12-06 11:51:32,676 consumer Received message: {'action': 'join', 'round_id_lobby': '25', 'username': 'luca'}
INFO 2024-12-06 11:51:32,683 consumer User luca joined lobby via WebSocket.
INFO 2024-12-06 11:51:32,683 consumer Attempting to retrieve user list for tournament_id: 25
INFO 2024-12-06 11:51:32,688 consumer User list: [{'username': 'luca'}, {'username': 'giovanni'}, {'username': 'marco'}, {'username': 'test'}]
INFO 2024-12-06 11:51:32,689 consumer Current round: 2
INFO 2024-12-06 11:51:32,692 consumer Rounds included in update: [1, 2]
INFO 2024-12-06 11:51:32,693 consumer Slot status update sent for rounds: {'round_1': {'1': {'locked': True, 'username': 'luca', 'player_id': 1}, '2': {'locked': True, 'username': 'marco', 'player_id': 2}, '3': {'locked': True, 'username': 'test', 'player_id': 4}, '4': {'locked': True, 'username': 'giovanni', 'player_id': 3}}, 'round_2': {'1': {'locked': True, 'username': 'luca', 'player_id': 1}, '2': {'locked': True, 'username': 'giovanni', 'player_id': 3}}}
